<?xml version="1.0" encoding="UTF-8"?>
<coverage generated="1710279422662" clover="3.2.0">
  <project timestamp="1710279422664" name="All files">
    <metrics statements="10" coveredstatements="10" conditionals="0" coveredconditionals="0" methods="4" coveredmethods="4" elements="14" coveredelements="14" complexity="0" loc="10" ncloc="10" packages="1" files="1" classes="1"/>
    <file name="index.js" path="C:\Users\Portatil\Desktop\Samanta\SoyHenry2024\MODULO 2\PM2-SamantaDriuzzi\challenge-testing\test\index.js">
      <metrics statements="10" coveredstatements="10" conditionals="0" coveredconditionals="0" methods="4" coveredmethods="4"/>
      <line num="3" count="8" type="stmt"/>
      <line num="6" count="4" type="stmt"/>
      <line num="9" count="2" type="stmt"/>
      <line num="10" count="2" type="stmt"/>
      <line num="11" count="3" type="stmt"/>
      <line num="13" count="2" type="stmt"/>
      <line num="16" count="1" type="stmt"/>
      <line num="17" count="1" type="stmt"/>
      <line num="18" count="1" type="stmt"/>
      <line num="22" count="1" type="stmt"/>
    </file>
  </project>
</coverage>
