{"C:\\Users\\Portatil\\Desktop\\Samanta\\SoyHenry2024\\MODULO 2\\PM2-SamantaDriuzzi\\challenge-testing\\test\\index.js": {"path":"C:\\Users\\Portatil\\Desktop\\Samanta\\SoyHenry2024\\MODULO 2\\PM2-SamantaDriuzzi\\challenge-testing\\test\\index.js","statementMap":{"0":{"start":{"line":3,"column":4},"end":{"line":3,"column":22}},"1":{"start":{"line":6,"column":4},"end":{"line":6,"column":32}},"2":{"start":{"line":9,"column":16},"end":{"line":9,"column":17}},"3":{"start":{"line":10,"column":4},"end":{"line":12,"column":5}},"4":{"start":{"line":11,"column":6},"end":{"line":11,"column":42}},"5":{"start":{"line":13,"column":4},"end":{"line":13,"column":17}},"6":{"start":{"line":16,"column":19},"end":{"line":16,"column":39}},"7":{"start":{"line":17,"column":16},"end":{"line":17,"column":56}},"8":{"start":{"line":18,"column":4},"end":{"line":18,"column":17}},"9":{"start":{"line":22,"column":0},"end":{"line":22,"column":31}}},"fnMap":{"0":{"name":"(anonymous_0)","decl":{"start":{"line":2,"column":2},"end":{"line":2,"column":3}},"loc":{"start":{"line":2,"column":16},"end":{"line":4,"column":3}},"line":2},"1":{"name":"(anonymous_1)","decl":{"start":{"line":5,"column":2},"end":{"line":5,"column":3}},"loc":{"start":{"line":5,"column":28},"end":{"line":7,"column":3}},"line":5},"2":{"name":"(anonymous_2)","decl":{"start":{"line":8,"column":2},"end":{"line":8,"column":3}},"loc":{"start":{"line":8,"column":18},"end":{"line":14,"column":3}},"line":8},"3":{"name":"(anonymous_3)","decl":{"start":{"line":15,"column":2},"end":{"line":15,"column":3}},"loc":{"start":{"line":15,"column":31},"end":{"line":19,"column":3}},"line":15}},"branchMap":{},"s":{"0":8,"1":4,"2":2,"3":2,"4":3,"5":2,"6":1,"7":1,"8":1,"9":1},"f":{"0":8,"1":4,"2":2,"3":1},"b":{},"_coverageSchema":"1a1c01bbd47fc00a2c39e90264f33305004495a9","hash":"f5a3506555677546660aedba9cbbdebc95ac9003"}
}
